<?xml version="1.0" encoding="UTF-8"?>
<testng-results ignored="0" total="1" passed="1" failed="0" skipped="0">
  <reporter-output>
    <line>
      <![CDATA[Launching browser ]]>
    </line>
    <line>
      <![CDATA[clicking on gender button ]]>
    </line>
    <line>
      <![CDATA[clicking on next button ]]>
    </line>
    <line>
      <![CDATA[Handeling age drop down ]]>
    </line>
    <line>
      <![CDATA[Reading data from excelSheet]]>
    </line>
    <line>
      <![CDATA[Clicking on next button ]]>
    </line>
    <line>
      <![CDATA[Entering pin code ]]>
    </line>
    <line>
      <![CDATA[Reading data from excelSheet]]>
    </line>
    <line>
      <![CDATA[Entering mobile num ]]>
    </line>
    <line>
      <![CDATA[Reading data from excelSheet]]>
    </line>
    <line>
      <![CDATA[Clicking on continue button ]]>
    </line>
    <line>
      <![CDATA[Fetching number of results from text ]]>
    </line>
    <line>
      <![CDATA[Fetching number of results from Banners ]]>
    </line>
    <line>
      <![CDATA[TC is passed ]]>
    </line>
    <line>
      <![CDATA[Taking screenshot]]>
    </line>
    <line>
      <![CDATA[Saved screenshot at E:\My Screenshot pic\coverFoxCF_TC555_1970.01.01.05.30.00.png]]>
    </line>
    <line>
      <![CDATA[Closing browser ]]>
    </line>
  </reporter-output>
  <suite started-at="2024-01-12T01:23:42 IST" name="Default suite" finished-at="2024-01-12T01:25:30 IST" duration-ms="108694">
    <groups>
    </groups>
    <test started-at="2024-01-12T01:23:42 IST" name="Default test" finished-at="2024-01-12T01:25:30 IST" duration-ms="108694">
      <class name="coverFoxTest.CF_TC555_Validate_search_results_for_healthcare_policies">
        <test-method is-config="true" signature="launchBrowser()[pri:0, instance:coverFoxTest.CF_TC555_Validate_search_results_for_healthcare_policies@470734c3]" started-at="2024-01-12T01:23:42 IST" name="launchBrowser" finished-at="2024-01-12T01:24:32 IST" duration-ms="50548" status="PASS">
          <reporter-output>
            <line>
              <![CDATA[Launching browser ]]>
            </line>
          </reporter-output>
        </test-method> <!-- launchBrowser -->
        <test-method is-config="true" signature="enterMemeberDeatils()[pri:0, instance:coverFoxTest.CF_TC555_Validate_search_results_for_healthcare_policies@470734c3]" started-at="2024-01-12T01:24:32 IST" name="enterMemeberDeatils" finished-at="2024-01-12T01:25:11 IST" duration-ms="39220" status="PASS">
          <reporter-output>
            <line>
              <![CDATA[clicking on gender button ]]>
            </line>
            <line>
              <![CDATA[clicking on next button ]]>
            </line>
            <line>
              <![CDATA[Handeling age drop down ]]>
            </line>
            <line>
              <![CDATA[Reading data from excelSheet]]>
            </line>
            <line>
              <![CDATA[Clicking on next button ]]>
            </line>
            <line>
              <![CDATA[Entering pin code ]]>
            </line>
            <line>
              <![CDATA[Reading data from excelSheet]]>
            </line>
            <line>
              <![CDATA[Entering mobile num ]]>
            </line>
            <line>
              <![CDATA[Reading data from excelSheet]]>
            </line>
            <line>
              <![CDATA[Clicking on continue button ]]>
            </line>
          </reporter-output>
        </test-method> <!-- enterMemeberDeatils -->
        <test-method signature="validateTestPlansFromTextAndBanners()[pri:0, instance:coverFoxTest.CF_TC555_Validate_search_results_for_healthcare_policies@470734c3]" started-at="2024-01-12T01:25:11 IST" name="validateTestPlansFromTextAndBanners" finished-at="2024-01-12T01:25:26 IST" duration-ms="14125" status="PASS">
          <reporter-output>
            <line>
              <![CDATA[Fetching number of results from text ]]>
            </line>
            <line>
              <![CDATA[Fetching number of results from Banners ]]>
            </line>
            <line>
              <![CDATA[TC is passed ]]>
            </line>
            <line>
              <![CDATA[Taking screenshot]]>
            </line>
            <line>
              <![CDATA[Saved screenshot at E:\My Screenshot pic\coverFoxCF_TC555_1970.01.01.05.30.00.png]]>
            </line>
          </reporter-output>
        </test-method> <!-- validateTestPlansFromTextAndBanners -->
        <test-method is-config="true" signature="closeBrowser()[pri:0, instance:coverFoxTest.CF_TC555_Validate_search_results_for_healthcare_policies@470734c3]" started-at="2024-01-12T01:25:26 IST" name="closeBrowser" finished-at="2024-01-12T01:25:30 IST" duration-ms="4657" status="PASS">
          <reporter-output>
            <line>
              <![CDATA[Closing browser ]]>
            </line>
          </reporter-output>
        </test-method> <!-- closeBrowser -->
      </class> <!-- coverFoxTest.CF_TC555_Validate_search_results_for_healthcare_policies -->
    </test> <!-- Default test -->
  </suite> <!-- Default suite -->
</testng-results>
